<?xml version="1.0" encoding="UTF-8"?>
<!-- Generated by org.testng.reporters.JUnitXMLReporter -->
<testsuite ignored="0" hostname="MANIGUJJAR" failures="0" tests="4" name="Default test" time="31.494" errors="0" timestamp="2021-01-13T10:23:11 PKT">
  <testcase classname="Appiumbasic.Appiumclass" name="Addition" time="3.634"/>
  <testcase classname="Appiumbasic.Appiumclass" name="division" time="3.496"/>
  <testcase classname="Appiumbasic.Appiumclass" name="minus" time="3.576"/>
  <testcase classname="Appiumbasic.Appiumclass" name="multiply" time="3.505"/>
</testsuite> <!-- Default test -->
