<?xml version="1.0" encoding="UTF-8"?>
<testng-results ignored="0" total="1" passed="1" failed="0" skipped="0">
  <reporter-output>
  </reporter-output>
  <suite started-at="2021-01-15T10:09:13 PKT" name="Default suite" finished-at="2021-01-15T10:09:32 PKT" duration-ms="18930">
    <groups>
    </groups>
    <test started-at="2021-01-15T10:09:13 PKT" name="Default test" finished-at="2021-01-15T10:09:32 PKT" duration-ms="18930">
      <class name="tests.song.SongTests">
        <test-method is-config="true" signature="setUp()[pri:0, instance:tests.song.SongTests@67c33749]" started-at="2021-01-15T10:09:13 PKT" name="setUp" finished-at="2021-01-15T10:09:27 PKT" duration-ms="14244" status="PASS">
          <reporter-output>
          </reporter-output>
        </test-method> <!-- setUp -->
        <test-method signature="songVerification()[pri:0, instance:tests.song.SongTests@67c33749]" started-at="2021-01-15T10:09:27 PKT" name="songVerification" finished-at="2021-01-15T10:09:31 PKT" duration-ms="4032" status="PASS">
          <reporter-output>
          </reporter-output>
        </test-method> <!-- songVerification -->
        <test-method is-config="true" signature="tearDown()[pri:0, instance:tests.song.SongTests@67c33749]" started-at="2021-01-15T10:09:31 PKT" name="tearDown" finished-at="2021-01-15T10:09:32 PKT" duration-ms="588" status="PASS">
          <reporter-output>
          </reporter-output>
        </test-method> <!-- tearDown -->
      </class> <!-- tests.song.SongTests -->
    </test> <!-- Default test -->
  </suite> <!-- Default suite -->
</testng-results>
