<?xml version="1.0" encoding="UTF-8"?>
<testng-results ignored="0" total="4" passed="4" failed="0" skipped="0">
  <reporter-output>
  </reporter-output>
  <suite started-at="2021-01-13T10:22:39 PKT" name="Default suite" finished-at="2021-01-13T10:23:11 PKT" duration-ms="31494">
    <groups>
    </groups>
    <test started-at="2021-01-13T10:22:39 PKT" name="Default test" finished-at="2021-01-13T10:23:11 PKT" duration-ms="31494">
      <class name="Appiumbasic.Appiumclass">
        <test-method is-config="true" signature="beforesuit()[pri:0, instance:Appiumbasic.Appiumclass@5fa07e12]" started-at="2021-01-13T10:22:39 PKT" name="beforesuit" finished-at="2021-01-13T10:22:39 PKT" duration-ms="416" status="PASS">
          <reporter-output>
          </reporter-output>
        </test-method> <!-- beforesuit -->
        <test-method is-config="true" signature="setup()[pri:0, instance:Appiumbasic.Appiumclass@5fa07e12]" started-at="2021-01-13T10:22:39 PKT" name="setup" finished-at="2021-01-13T10:22:56 PKT" duration-ms="16620" status="PASS">
          <reporter-output>
          </reporter-output>
        </test-method> <!-- setup -->
        <test-method signature="Addition()[pri:0, instance:Appiumbasic.Appiumclass@5fa07e12]" started-at="2021-01-13T10:22:56 PKT" name="Addition" finished-at="2021-01-13T10:23:00 PKT" duration-ms="3634" status="PASS">
          <reporter-output>
          </reporter-output>
        </test-method> <!-- Addition -->
        <test-method signature="division()[pri:0, instance:Appiumbasic.Appiumclass@5fa07e12]" started-at="2021-01-13T10:23:00 PKT" name="division" finished-at="2021-01-13T10:23:03 PKT" duration-ms="3496" status="PASS">
          <reporter-output>
          </reporter-output>
        </test-method> <!-- division -->
        <test-method signature="minus()[pri:0, instance:Appiumbasic.Appiumclass@5fa07e12]" started-at="2021-01-13T10:23:03 PKT" name="minus" finished-at="2021-01-13T10:23:07 PKT" duration-ms="3576" status="PASS">
          <reporter-output>
          </reporter-output>
        </test-method> <!-- minus -->
        <test-method signature="multiply()[pri:0, instance:Appiumbasic.Appiumclass@5fa07e12]" started-at="2021-01-13T10:23:07 PKT" name="multiply" finished-at="2021-01-13T10:23:10 PKT" duration-ms="3505" status="PASS">
          <reporter-output>
          </reporter-output>
        </test-method> <!-- multiply -->
        <test-method is-config="true" signature="aftertest()[pri:0, instance:Appiumbasic.Appiumclass@5fa07e12]" started-at="2021-01-13T10:23:10 PKT" name="aftertest" finished-at="2021-01-13T10:23:11 PKT" duration-ms="596" status="PASS">
          <reporter-output>
          </reporter-output>
        </test-method> <!-- aftertest -->
        <test-method is-config="true" signature="Afteresuit()[pri:0, instance:Appiumbasic.Appiumclass@5fa07e12]" started-at="2021-01-13T10:23:11 PKT" name="Afteresuit" finished-at="2021-01-13T10:23:12 PKT" duration-ms="910" status="PASS">
          <reporter-output>
          </reporter-output>
        </test-method> <!-- Afteresuit -->
      </class> <!-- Appiumbasic.Appiumclass -->
    </test> <!-- Default test -->
  </suite> <!-- Default suite -->
</testng-results>
